This file contains any messages produced by compilers while
running configure, to aid debugging if configure makes a mistake.

It was created by GNU Classpath configure 0.99-pre, which was
generated by GNU Autoconf 2.69.  Invocation command line was

  $ /home/magdalena/stm32f4discovery_root/summon-arm-toolchain/gcc-linaro-4.7-2013.01/libjava/classpath/configure 

## --------- ##
## Platform. ##
## --------- ##

hostname = magdalena-Inspiron-3543
uname -m = x86_64
uname -r = 4.15.0-36-generic
uname -s = Linux
uname -v = #39-Ubuntu SMP Mon Sep 24 16:19:09 UTC 2018

/usr/bin/uname -p = unknown
/bin/uname -X     = unknown

/bin/arch              = unknown
/usr/bin/arch -k       = unknown
/usr/convex/getsysinfo = unknown
/usr/bin/hostinfo      = unknown
/bin/machine           = unknown
/usr/bin/oslevel       = unknown
/bin/universe          = unknown

PATH: /usr/local/sbin
PATH: /usr/local/bin
PATH: /usr/sbin
PATH: /usr/bin
PATH: /sbin
PATH: /bin
PATH: /snap/bin


## ----------- ##
## Core tests. ##
## ----------- ##

configure:3048: checking build system type
configure:3062: result: x86_64-pc-linux-gnu
configure:3082: checking host system type
configure:3095: result: x86_64-pc-linux-gnu
configure:3115: checking target system type
configure:3128: result: x86_64-pc-linux-gnu
configure:3175: checking whether to place generated files in the source directory
configure:3185: result: no
configure:3280: checking for a BSD-compatible install
configure:3348: result: /usr/bin/install -c
configure:3359: checking whether build environment is sane
configure:3414: result: yes
configure:3565: checking for a thread-safe mkdir -p
configure:3604: result: /bin/mkdir -p
configure:3611: checking for gawk
configure:3627: found /usr/bin/gawk
configure:3638: result: gawk
configure:3649: checking whether make sets $(MAKE)
configure:3671: result: yes
configure:3700: checking whether make supports nested variables
configure:3717: result: yes
configure:3734: error: source directory already configured; run "make distclean" there first

## ---------------- ##
## Cache variables. ##
## ---------------- ##

ac_cv_build=x86_64-pc-linux-gnu
ac_cv_env_CCC_set=
ac_cv_env_CCC_value=
ac_cv_env_CC_set=
ac_cv_env_CC_value=
ac_cv_env_CFLAGS_set=
ac_cv_env_CFLAGS_value=
ac_cv_env_CPPFLAGS_set=
ac_cv_env_CPPFLAGS_value=
ac_cv_env_CPP_set=
ac_cv_env_CPP_value=
ac_cv_env_CXXCPP_set=
ac_cv_env_CXXCPP_value=
ac_cv_env_CXXFLAGS_set=
ac_cv_env_CXXFLAGS_value=
ac_cv_env_CXX_set=
ac_cv_env_CXX_value=
ac_cv_env_LDFLAGS_set=
ac_cv_env_LDFLAGS_value=
ac_cv_env_LIBS_set=
ac_cv_env_LIBS_value=
ac_cv_env_LT_SYS_LIBRARY_PATH_set=
ac_cv_env_LT_SYS_LIBRARY_PATH_value=
ac_cv_env_XMKMF_set=
ac_cv_env_XMKMF_value=
ac_cv_env_build_alias_set=
ac_cv_env_build_alias_value=
ac_cv_env_host_alias_set=
ac_cv_env_host_alias_value=
ac_cv_env_target_alias_set=
ac_cv_env_target_alias_value=
ac_cv_host=x86_64-pc-linux-gnu
ac_cv_path_install='/usr/bin/install -c'
ac_cv_path_mkdir=/bin/mkdir
ac_cv_prog_AWK=gawk
ac_cv_prog_make_make_set=yes
ac_cv_target=x86_64-pc-linux-gnu
am_cv_make_support_nested_variables=yes

## ----------------- ##
## Output variables. ##
## ----------------- ##

ACLOCAL=''
AMDEPBACKSLASH=''
AMDEP_FALSE=''
AMDEP_TRUE=''
AMTAR=''
AM_BACKSLASH='\'
AM_DEFAULT_V='$(AM_DEFAULT_VERBOSITY)'
AM_DEFAULT_VERBOSITY='1'
AM_V='$(V)'
ANTLR=''
ANTLR_JAR=''
AR=''
AUTOCONF=''
AUTOHEADER=''
AUTOMAKE=''
AWK='gawk'
BUILD_CLASS_FILES_FALSE=''
BUILD_CLASS_FILES_TRUE=''
CAIRO_CFLAGS=''
CAIRO_LIBS=''
CC=''
CCDEPMODE=''
CFLAGS=''
CLASSPATH_CONVENIENCE='-no-undefined'
CLASSPATH_INCLUDES=''
CLASSPATH_MODULE='-module -version-info 0:0:0 -no-undefined'
COLLECTIONS_PREFIX=''
CP=''
CPP=''
CPPFLAGS=''
CREATE_ALSA_LIBRARIES_FALSE=''
CREATE_ALSA_LIBRARIES_TRUE=''
CREATE_API_DOCS_FALSE=''
CREATE_API_DOCS_TRUE=''
CREATE_COLLECTIONS_FALSE=''
CREATE_COLLECTIONS_TRUE=''
CREATE_CORE_JNI_LIBRARIES_FALSE=''
CREATE_CORE_JNI_LIBRARIES_TRUE=''
CREATE_DSSI_LIBRARIES_FALSE=''
CREATE_DSSI_LIBRARIES_TRUE=''
CREATE_GCONF_PEER_LIBRARIES_FALSE=''
CREATE_GCONF_PEER_LIBRARIES_TRUE=''
CREATE_GJDOC_FALSE=''
CREATE_GJDOC_PARSER_FALSE=''
CREATE_GJDOC_PARSER_TRUE=''
CREATE_GJDOC_TRUE=''
CREATE_GMPBI_LIBRARY_FALSE=''
CREATE_GMPBI_LIBRARY_TRUE=''
CREATE_GSTREAMER_PEER_LIBRARIES_FALSE=''
CREATE_GSTREAMER_PEER_LIBRARIES_TRUE=''
CREATE_GTK_PEER_LIBRARIES_FALSE=''
CREATE_GTK_PEER_LIBRARIES_TRUE=''
CREATE_JNI_HEADERS_FALSE=''
CREATE_JNI_HEADERS_TRUE=''
CREATE_JNI_LIBRARIES_FALSE=''
CREATE_JNI_LIBRARIES_TRUE=''
CREATE_PLUGIN_FALSE=''
CREATE_PLUGIN_TRUE=''
CREATE_QT_PEER_LIBRARIES_FALSE=''
CREATE_QT_PEER_LIBRARIES_TRUE=''
CREATE_WRAPPERS_FALSE=''
CREATE_WRAPPERS_TRUE=''
CREATE_XMLJ_LIBRARY_FALSE=''
CREATE_XMLJ_LIBRARY_TRUE=''
CXX=''
CXXCPP=''
CXXDEPMODE=''
CXXFLAGS=''
CYGPATH_W=''
DATE=''
DEFAULT_PREFS_PEER=''
DEFS=''
DEPDIR=''
DLLTOOL=''
DSYMUTIL=''
DUMPBIN=''
ECHO_C=''
ECHO_N='-n'
ECHO_T=''
ECJ_JAR=''
EGREP=''
ENABLE_LOCAL_SOCKETS_FALSE=''
ENABLE_LOCAL_SOCKETS_TRUE=''
ERROR_CFLAGS=''
EXAMPLESDIR=''
EXEEXT=''
EXTRA_CFLAGS=''
FGREP=''
FIND=''
FREETYPE2_CFLAGS=''
FREETYPE2_LIBS=''
GCJ_JAVAC_FALSE=''
GCJ_JAVAC_TRUE=''
GCONF_CFLAGS=''
GCONF_LIBS=''
GDK_CFLAGS=''
GDK_LIBS=''
GENINSRC_FALSE=''
GENINSRC_TRUE='#'
GJDOC=''
GLIB_CFLAGS=''
GLIB_LIBS=''
GMP_CFLAGS=''
GMP_LIBS=''
GREP=''
GSTREAMER_BASE_CFLAGS=''
GSTREAMER_BASE_LIBS=''
GSTREAMER_CFLAGS=''
GSTREAMER_FILE_READER=''
GSTREAMER_LIBS=''
GSTREAMER_MIXER_PROVIDER=''
GSTREAMER_PLUGINS_BASE_CFLAGS=''
GSTREAMER_PLUGINS_BASE_LIBS=''
GST_PLUGIN_LDFLAGS=''
GTK_CFLAGS=''
GTK_LIBS=''
INIT_LOAD_LIBRARY=''
INSTALL_BINARIES_FALSE='#'
INSTALL_BINARIES_TRUE=''
INSTALL_CLASS_FILES_FALSE=''
INSTALL_CLASS_FILES_TRUE=''
INSTALL_DATA='${INSTALL} -m 644'
INSTALL_GLIBJ_ZIP_FALSE=''
INSTALL_GLIBJ_ZIP_TRUE=''
INSTALL_PROGRAM='${INSTALL}'
INSTALL_SCRIPT='${INSTALL}'
INSTALL_STRIP_PROGRAM='$(install_sh) -c -s'
JAR=''
JAVA=''
JAVAC=''
JAVAC_IS_GCJ=''
JAVAC_MEM_OPT=''
JAVA_LANG_SYSTEM_EXPLICIT_INITIALIZATION=''
JAVA_MAINTAINER_MODE_FALSE=''
JAVA_MAINTAINER_MODE_TRUE='#'
JAY=''
JAY_SKELETON=''
LD=''
LDFLAGS=''
LIBDEBUG=''
LIBICONV=''
LIBMAGIC=''
LIBOBJS=''
LIBS=''
LIBTOOL=''
LIBVERSION='0:0:0'
LIPO=''
LN_S=''
LTLIBICONV=''
LTLIBOBJS=''
LT_SYS_LIBRARY_PATH=''
MAINT=''
MAINTAINER_MODE_FALSE=''
MAINTAINER_MODE_TRUE=''
MAKEINFO=''
MANIFEST_TOOL=''
MKDIR=''
MKDIR_P='/bin/mkdir -p'
MOC=''
MOZILLA_CFLAGS=''
MOZILLA_LIBS=''
NM=''
NMEDIT=''
OBJDUMP=''
OBJEXT=''
OTOOL64=''
OTOOL=''
PACKAGE=''
PACKAGE_BUGREPORT='classpath@gnu.org'
PACKAGE_NAME='GNU Classpath'
PACKAGE_STRING='GNU Classpath 0.99-pre'
PACKAGE_TARNAME='classpath'
PACKAGE_URL='http://www.gnu.org/software/classpath/'
PACKAGE_VERSION='0.99-pre'
PANGOFT2_CFLAGS=''
PANGOFT2_LIBS=''
PATH_SEPARATOR=':'
PATH_TO_ESCHER=''
PATH_TO_GLIBJ_ZIP=''
PERL=''
PKG_CONFIG=''
PLUGIN_DIR=''
QT_CFLAGS=''
QT_LIBS=''
RANLIB=''
REGEN_PARSERS_FALSE=''
REGEN_PARSERS_TRUE=''
REMOVE=''
SED=''
SET_MAKE=''
SHELL='/bin/bash'
STRICT_WARNING_CFLAGS=''
STRIP=''
TOOLSDIR=''
USER_JAVAH=''
USE_ESCHER_FALSE=''
USE_ESCHER_TRUE=''
USE_PREBUILT_GLIBJ_ZIP_FALSE=''
USE_PREBUILT_GLIBJ_ZIP_TRUE=''
VERSION=''
WANT_NATIVE_BIG_INTEGER=''
WARNING_CFLAGS=''
WITH_JAR_FALSE=''
WITH_JAR_TRUE=''
XMKMF=''
XML_CFLAGS=''
XML_LIBS=''
XSLT_CFLAGS=''
XSLT_LIBS=''
XTEST_LIBS=''
X_CFLAGS=''
X_EXTRA_LIBS=''
X_LIBS=''
X_PRE_LIBS=''
ZIP=''
ac_ct_ANTLR=''
ac_ct_AR=''
ac_ct_CC=''
ac_ct_CXX=''
ac_ct_DUMPBIN=''
am__EXEEXT_FALSE=''
am__EXEEXT_TRUE=''
am__fastdepCC_FALSE=''
am__fastdepCC_TRUE=''
am__fastdepCXX_FALSE=''
am__fastdepCXX_TRUE=''
am__include=''
am__isrc=' -I$(srcdir)'
am__leading_dot='.'
am__nodep=''
am__quote=''
am__tar=''
am__untar=''
bindir='${exec_prefix}/bin'
build='x86_64-pc-linux-gnu'
build_alias=''
build_cpu='x86_64'
build_os='linux-gnu'
build_vendor='pc'
datadir='${datarootdir}'
datarootdir='${prefix}/share'
default_toolkit=''
docdir='${datarootdir}/doc/${PACKAGE_TARNAME}'
dvidir='${docdir}'
exec_prefix='NONE'
glibjdir=''
host='x86_64-pc-linux-gnu'
host_alias=''
host_cpu='x86_64'
host_os='linux-gnu'
host_vendor='pc'
htmldir='${docdir}'
includedir='${prefix}/include'
infodir='${datarootdir}/info'
install_sh='${SHELL} /home/magdalena/stm32f4discovery_root/summon-arm-toolchain/gcc-linaro-4.7-2013.01/install-sh'
libdir='${exec_prefix}/lib'
libexecdir='${exec_prefix}/libexec'
localedir='${datarootdir}/locale'
localstatedir='${prefix}/var'
mandir='${datarootdir}/man'
mkdir_p=''
multi_basedir='/home/magdalena/stm32f4discovery_root/summon-arm-toolchain/gcc-linaro-4.7-2013.01/libjava/classpath/../..'
nativeexeclibdir=''
oldincludedir='/usr/include'
pdfdir='${docdir}'
prefix='NONE'
program_transform_name='s,x,x,'
psdir='${docdir}'
runstatedir='${localstatedir}/run'
sbindir='${exec_prefix}/sbin'
sharedstatedir='${prefix}/com'
sysconfdir='${prefix}/etc'
target='x86_64-pc-linux-gnu'
target_alias=''
target_cpu='x86'
target_os='linux-gnu'
target_vendor='pc'
toolexeclibdir=''
uudecode=''
vm_classes=''

## ----------- ##
## confdefs.h. ##
## ----------- ##

/* confdefs.h */
#define PACKAGE_NAME "GNU Classpath"
#define PACKAGE_TARNAME "classpath"
#define PACKAGE_VERSION "0.99-pre"
#define PACKAGE_STRING "GNU Classpath 0.99-pre"
#define PACKAGE_BUGREPORT "classpath@gnu.org"
#define PACKAGE_URL "http://www.gnu.org/software/classpath/"

configure: exit 1
